<?xml version="1.0" encoding="UTF-8"?>
<!-- Generated by org.testng.reporters.JUnitReportReporter -->
<testsuite hostname="NSL-6533" failures="0" tests="1" name="mvnTest.com.pages.Home" time="0.084" errors="0" timestamp="2022-06-12T00:14:08 IST" skipped="0">
  <testcase classname="mvnTest.com.pages.Home" name="djk" time="0.084"/>
</testsuite> <!-- mvnTest.com.pages.Home -->
