<?xml version="1.0" encoding="UTF-8"?>
<!-- Generated by org.testng.reporters.JUnitReportReporter -->
<testsuite hostname="NSL-6533" failures="0" tests="5" name="mvnTest.TestMainClas" time="0.021" errors="0" timestamp="2022-09-19T16:29:23 IST" skipped="0">
  <testcase classname="mvnTest.TestMainClas" name="test1" time="0.003"/>
  <testcase classname="mvnTest.TestMainClas" name="test1" time="0.011"/>
  <testcase classname="mvnTest.TestMainClas" name="test1" time="0.002"/>
  <testcase classname="mvnTest.TestMainClas" name="test1" time="0.002"/>
  <testcase classname="mvnTest.TestMainClas" name="test1" time="0.003"/>
</testsuite> <!-- mvnTest.TestMainClas -->
